<?xml version="1.0" encoding="UTF-8"?>
<!-- Generated by org.testng.reporters.JUnitReportReporter -->
<testsuite skipped="0" hostname="BTD47H2LT" name="org.customerportal.test.sanity.LoginFunctionalityValidation" tests="1" failures="0" timestamp="13 Apr 2020 13:06:54 GMT" time="93.261" errors="0">
  <testcase name="loginTest" time="93.261" classname="org.customerportal.test.sanity.LoginFunctionalityValidation"/>
</testsuite> <!-- org.customerportal.test.sanity.LoginFunctionalityValidation -->
