<?xml version="1.0" encoding="UTF-8"?>
<!-- Generated by org.testng.reporters.JUnitReportReporter -->
<testsuite hostname="BTD47H2LT" name="abs.quote.feature.FEQ50_51_46" tests="1" failures="0" timestamp="14 Apr 2020 08:15:47 GMT" time="57.851" errors="0">
  <testcase name="validateNaviagtion" time="57.851" classname="abs.quote.feature.FEQ50_51_46"/>
</testsuite> <!-- abs.quote.feature.FEQ50_51_46 -->
